Using pre-set license
Built from '2021.3/staging' branch; Version is '2021.3.9f1 (ad3870b89536) revision 11352176'; Using compiler version '192829333'; Build Type 'Release'
OS: 'Windows 11  (10.0.22000) 64bit Core' Language: 'en' Physical Memory: 32531 MB
BatchMode: 1, IsHumanControllingUs: 0, StartBugReporterOnCrash: 0, Is64bit: 1, IsPro: 1

COMMAND LINE ARGUMENTS:
C:\Program Files\Unity\Hub\Editor\2021.3.9f1\Editor\Unity.exe
-adb2
-batchMode
-noUpm
-name
AssetImportWorker0
-projectPath
C:/Users/rober/Documents/GitHub/BCS427-Capstone-
-logFile
Logs/AssetImportWorker0.log
-srvPort
56562
Successfully changed project path to: C:/Users/rober/Documents/GitHub/BCS427-Capstone-
C:/Users/rober/Documents/GitHub/BCS427-Capstone-
[UnityMemory] Configuration Parameters - Can be set up in boot.config
    "memorysetup-bucket-allocator-granularity=16"
    "memorysetup-bucket-allocator-bucket-count=8"
    "memorysetup-bucket-allocator-block-size=33554432"
    "memorysetup-bucket-allocator-block-count=8"
    "memorysetup-main-allocator-block-size=16777216"
    "memorysetup-thread-allocator-block-size=16777216"
    "memorysetup-gfx-main-allocator-block-size=16777216"
    "memorysetup-gfx-thread-allocator-block-size=16777216"
    "memorysetup-cache-allocator-block-size=4194304"
    "memorysetup-typetree-allocator-block-size=2097152"
    "memorysetup-profiler-bucket-allocator-granularity=16"
    "memorysetup-profiler-bucket-allocator-bucket-count=8"
    "memorysetup-profiler-bucket-allocator-block-size=33554432"
    "memorysetup-profiler-bucket-allocator-block-count=8"
    "memorysetup-profiler-allocator-block-size=16777216"
    "memorysetup-profiler-editor-allocator-block-size=1048576"
    "memorysetup-temp-allocator-size-main=16777216"
    "memorysetup-job-temp-allocator-block-size=2097152"
    "memorysetup-job-temp-allocator-block-size-background=1048576"
    "memorysetup-job-temp-allocator-reduction-small-platforms=262144"
    "memorysetup-temp-allocator-size-background-worker=32768"
    "memorysetup-temp-allocator-size-job-worker=262144"
    "memorysetup-temp-allocator-size-preload-manager=33554432"
    "memorysetup-temp-allocator-size-nav-mesh-worker=65536"
    "memorysetup-temp-allocator-size-audio-worker=65536"
    "memorysetup-temp-allocator-size-cloud-worker=32768"
    "memorysetup-temp-allocator-size-gi-baking-worker=262144"
    "memorysetup-temp-allocator-size-gfx=262144"
Refreshing native plugins compatible for Editor in 67.82 ms, found 3 plugins.
Preloading 0 native plugins for Editor in 0.00 ms.
Initialize engine version: 2021.3.9f1 (ad3870b89536)
[Subsystems] Discovering subsystems at path C:/Program Files/Unity/Hub/Editor/2021.3.9f1/Editor/Data/Resources/UnitySubsystems
[Subsystems] Discovering subsystems at path C:/Users/rober/Documents/GitHub/BCS427-Capstone-/Assets
GfxDevice: creating device client; threaded=0; jobified=0
Direct3D:
    Version:  Direct3D 11.0 [level 11.1]
    Renderer: NVIDIA GeForce RTX 3050 Ti Laptop GPU (ID=0x25a0)
    Vendor:   NVIDIA
    VRAM:     3990 MB
    Driver:   27.21.14.6262
Initialize mono
Mono path[0] = 'C:/Program Files/Unity/Hub/Editor/2021.3.9f1/Editor/Data/Managed'
Mono path[1] = 'C:/Program Files/Unity/Hub/Editor/2021.3.9f1/Editor/Data/MonoBleedingEdge/lib/mono/unityjit-win32'
Mono config path = 'C:/Program Files/Unity/Hub/Editor/2021.3.9f1/Editor/Data/MonoBleedingEdge/etc'
Using monoOptions --debugger-agent=transport=dt_socket,embedding=1,server=y,suspend=n,address=127.0.0.1:56088
Begin MonoManager ReloadAssembly
Registering precompiled unity dll's ...
Register platform support module: C:/Program Files/Unity/Hub/Editor/2021.3.9f1/Editor/Data/PlaybackEngines/WebGLSupport/UnityEditor.WebGL.Extensions.dll
Register platform support module: C:/Program Files/Unity/Hub/Editor/2021.3.9f1/Editor/Data/PlaybackEngines/WindowsStandaloneSupport/UnityEditor.WindowsStandalone.Extensions.dll
Registered in 0.003592 seconds.
Native extension for WindowsStandalone target not found
Native extension for WebGL target not found
Refreshing native plugins compatible for Editor in 65.83 ms, found 3 plugins.
Preloading 0 native plugins for Editor in 0.00 ms.
Mono: successfully reloaded assembly
- Completed reload, in  0.511 seconds
Domain Reload Profiling:
	ReloadAssembly (512ms)
		BeginReloadAssembly (58ms)
			ExecutionOrderSort (0ms)
			DisableScriptedObjects (0ms)
			BackupInstance (0ms)
			ReleaseScriptingObjects (0ms)
			CreateAndSetChildDomain (1ms)
		EndReloadAssembly (369ms)
			LoadAssemblies (57ms)
			RebuildTransferFunctionScriptingTraits (0ms)
			SetupTypeCache (83ms)
			ReleaseScriptCaches (0ms)
			RebuildScriptCaches (22ms)
			SetupLoadedEditorAssemblies (222ms)
				LogAssemblyErrors (0ms)
				InitializePlatformSupportModulesInManaged (7ms)
				SetLoadedEditorAssemblies (0ms)
				RefreshPlugins (66ms)
				BeforeProcessingInitializeOnLoad (1ms)
				ProcessInitializeOnLoadAttributes (114ms)
				ProcessInitializeOnLoadMethodAttributes (34ms)
				AfterProcessingInitializeOnLoad (0ms)
				EditorAssembliesLoaded (0ms)
			ExecutionOrderSort2 (0ms)
			AwakeInstancesAfterBackupRestoration (0ms)
Platform modules already initialized, skipping
Registering precompiled user dll's ...
Registered in 0.003809 seconds.
Begin MonoManager ReloadAssembly
Symbol file LoadedFromMemory doesn't match image C:\Users\rober\Documents\GitHub\BCS427-Capstone-\Library\PackageCache\com.unity.visualscripting@1.7.8\Editor\VisualScripting.Core\Dependencies\YamlDotNet\Unity.VisualScripting.YamlDotNet.dll
Symbol file LoadedFromMemory doesn't match image C:\Users\rober\Documents\GitHub\BCS427-Capstone-\Library\PackageCache\com.unity.visualscripting@1.7.8\Editor\VisualScripting.Core\Dependencies\DotNetZip\Unity.VisualScripting.IonicZip.dll
Native extension for WindowsStandalone target not found
Native extension for WebGL target not found
Refreshing native plugins compatible for Editor in 63.13 ms, found 3 plugins.
Preloading 0 native plugins for Editor in 0.00 ms.
System.Exception: Error! Visual Scripting: couldn't find visual scripting package
  at Unity.VisualScripting.PackageVersionUtility.get_version () [0x00043] in C:\Users\rober\Documents\GitHub\BCS427-Capstone-\Library\PackageCache\com.unity.visualscripting@1.7.8\Editor\VisualScripting.Core\Utilities\PackageVersionUtility.cs:31 
  at Unity.VisualScripting.BoltCoreManifest.get_version () [0x00000] in C:\Users\rober\Documents\GitHub\BCS427-Capstone-\Library\PackageCache\com.unity.visualscripting@1.7.8\Editor\VisualScripting.Core\Plugin\BoltCoreManifest.cs:11 
  at Unity.VisualScripting.PluginManifest.get_currentVersion () [0x00000] in C:\Users\rober\Documents\GitHub\BCS427-Capstone-\Library\PackageCache\com.unity.visualscripting@1.7.8\Editor\VisualScripting.Core\Plugins\PluginManifest.cs:33 
  at Unity.VisualScripting.PluginManifest.get_versionMismatch () [0x00000] in C:\Users\rober\Documents\GitHub\BCS427-Capstone-\Library\PackageCache\com.unity.visualscripting@1.7.8\Editor\VisualScripting.Core\Plugins\PluginManifest.cs:48 
  at Unity.VisualScripting.PluginContainer.Initialize () [0x00525] in C:\Users\rober\Documents\GitHub\BCS427-Capstone-\Library\PackageCache\com.unity.visualscripting@1.7.8\Editor\VisualScripting.Core\Plugins\PluginContainer.cs:208 
  at Unity.VisualScripting.PluginContainer.InitializeOnLoad () [0x00009] in C:\Users\rober\Documents\GitHub\BCS427-Capstone-\Library\PackageCache\com.unity.visualscripting@1.7.8\Editor\VisualScripting.Core\Plugins\PluginContainer.cs:32 
  at Unity.VisualScripting.VSUsageUtility.DoInitializeOnLoadCalls () [0x00034] in C:\Users\rober\Documents\GitHub\BCS427-Capstone-\Library\PackageCache\com.unity.visualscripting@1.7.8\Editor\VisualScripting.Core\Utilities\VSUsageUtility.cs:76 
  at Unity.VisualScripting.VSUsageUtility.set_isVisualScriptingUsed (System.Boolean value) [0x0002c] in C:\Users\rober\Documents\GitHub\BCS427-Capstone-\Library\PackageCache\com.unity.visualscripting@1.7.8\Editor\VisualScripting.Core\Utilities\VSUsageUtility.cs:114 
  at Unity.VisualScripting.VSUsageUtility.CheckAndSetIsVisualScriptingUsed () [0x00032] in C:\Users\rober\Documents\GitHub\BCS427-Capstone-\Library\PackageCache\com.unity.visualscripting@1.7.8\Editor\VisualScripting.Core\Utilities\VSUsageUtility.cs:48 
  at Unity.VisualScripting.VSUsageUtility..cctor () [0x00000] in C:\Users\rober\Documents\GitHub\BCS427-Capstone-\Library\PackageCache\com.unity.visualscripting@1.7.8\Editor\VisualScripting.Core\Utilities\VSUsageUtility.cs:22 
UnityEngine.StackTraceUtility:ExtractStackTrace ()
UnityEngine.DebugLogHandler:LogFormat (UnityEngine.LogType,UnityEngine.Object,string,object[])
UnityEngine.Logger:Log (UnityEngine.LogType,object)
UnityEngine.Debug:LogError (object)
UnityEditor.EditorAssemblies:ProcessInitializeOnLoadAttributes (System.Type[])

Mono: successfully reloaded assembly
- Completed reload, in  1.177 seconds
Domain Reload Profiling:
	ReloadAssembly (1178ms)
		BeginReloadAssembly (85ms)
			ExecutionOrderSort (0ms)
			DisableScriptedObjects (5ms)
			BackupInstance (0ms)
			ReleaseScriptingObjects (0ms)
			CreateAndSetChildDomain (18ms)
		EndReloadAssembly (1005ms)
			LoadAssemblies (62ms)
			RebuildTransferFunctionScriptingTraits (0ms)
			SetupTypeCache (214ms)
			ReleaseScriptCaches (1ms)
			RebuildScriptCaches (41ms)
			SetupLoadedEditorAssemblies (647ms)
				LogAssemblyErrors (0ms)
				InitializePlatformSupportModulesInManaged (4ms)
				SetLoadedEditorAssemblies (0ms)
				RefreshPlugins (63ms)
				BeforeProcessingInitializeOnLoad (65ms)
				ProcessInitializeOnLoadAttributes (494ms)
				ProcessInitializeOnLoadMethodAttributes (17ms)
				AfterProcessingInitializeOnLoad (4ms)
				EditorAssembliesLoaded (0ms)
			ExecutionOrderSort2 (0ms)
			AwakeInstancesAfterBackupRestoration (5ms)
Platform modules already initialized, skipping
========================================================================
Worker process is ready to serve import requests
Launched and connected shader compiler UnityShaderCompiler.exe after 0.03 seconds
Refreshing native plugins compatible for Editor in 0.52 ms, found 3 plugins.
Preloading 0 native plugins for Editor in 0.00 ms.
Unloading 3767 Unused Serialized files (Serialized files now loaded: 0)
Unloading 28 unused Assets / (55.7 KB). Loaded Objects now: 4230.
Memory consumption went from 134.9 MB to 134.8 MB.
Total: 10.194600 ms (FindLiveObjects: 0.274700 ms CreateObjectMapping: 0.110500 ms MarkObjects: 9.708000 ms  DeleteObjects: 0.100300 ms)

AssetImportParameters requested are different than current active one (requested -> active):
  custom:video-decoder-ogg-theora: a1e56fd34408186e4bbccfd4996cb3dc -> 
  custom:container-muxer-webm: aa71ff27fc2769a1b78a27578f13a17b -> 
  custom:container-demuxer-webm: 4f35f7cbe854078d1ac9338744f61a02 -> 
  custom:video-encoder-webm-vp8: eb34c28f22e8b96e1ab97ce403110664 -> 
  custom:audio-encoder-webm-vorbis: bf7c407c2cedff20999df2af8eb42d56 -> 
  custom:framework-win-MediaFoundation: 216162199b28c13a410421893ffa2e32 -> 
  custom:container-demuxer-ogg: 62fdf1f143b41e24485cea50d1cbac27 -> 
  custom:video-decoder-webm-vp8: 9c59270c3fd7afecdb556c50c9e8de78 -> 
  custom:audio-decoder-ogg-vorbis: bf7c407c2cedff20999df2af8eb42d56 -> 
========================================================================
Received Import Request.
  Time since last request: 450917.131014 seconds.
  path: Assets/Prefabs/Buildings/Apartment1.prefab
  artifactKey: Guid(95266666995d26a4b86bc1e9c65e13ab) Importer(815301076,1909f56bfc062723c751e8b465ee728b)
Start importing Assets/Prefabs/Buildings/Apartment1.prefab using Guid(95266666995d26a4b86bc1e9c65e13ab) Importer(815301076,1909f56bfc062723c751e8b465ee728b)  -> (artifact id: '67124bdd9b70df32354f72441a88f1dc') in 0.103930 seconds 
========================================================================
Received Import Request.
  Time since last request: 330.816808 seconds.
  path: Assets/Prefabs/Buildings/Apartment1.prefab
  artifactKey: Guid(95266666995d26a4b86bc1e9c65e13ab) Importer(815301076,1909f56bfc062723c751e8b465ee728b)
Start importing Assets/Prefabs/Buildings/Apartment1.prefab using Guid(95266666995d26a4b86bc1e9c65e13ab) Importer(815301076,1909f56bfc062723c751e8b465ee728b)  -> (artifact id: '2b92b6692a34dcecb08d36758e7a4da6') in 0.020857 seconds 
========================================================================
Received Import Request.
  Time since last request: 11.704160 seconds.
  path: Assets/Prefabs/Buildings/Apartment2.prefab
  artifactKey: Guid(bc87f62acc16aee4683e21cd72dabf70) Importer(815301076,1909f56bfc062723c751e8b465ee728b)
Start importing Assets/Prefabs/Buildings/Apartment2.prefab using Guid(bc87f62acc16aee4683e21cd72dabf70) Importer(815301076,1909f56bfc062723c751e8b465ee728b)  -> (artifact id: '9dade578152f6c7a6bd96d4bd6a723bd') in 0.013735 seconds 
========================================================================
Received Import Request.
  Time since last request: 48.840988 seconds.
  path: Assets/Prefabs/Buildings/Apartment2.prefab
  artifactKey: Guid(bc87f62acc16aee4683e21cd72dabf70) Importer(815301076,1909f56bfc062723c751e8b465ee728b)
Start importing Assets/Prefabs/Buildings/Apartment2.prefab using Guid(bc87f62acc16aee4683e21cd72dabf70) Importer(815301076,1909f56bfc062723c751e8b465ee728b)  -> (artifact id: 'f87229ed20882aec05e239d30ac4dea1') in 0.018796 seconds 
========================================================================
Received Import Request.
  Time since last request: 2.810728 seconds.
  path: Assets/Prefabs/Buildings/Apartment3.prefab
  artifactKey: Guid(4e1c434c2fd73474592a0f4c0c3251f0) Importer(815301076,1909f56bfc062723c751e8b465ee728b)
Start importing Assets/Prefabs/Buildings/Apartment3.prefab using Guid(4e1c434c2fd73474592a0f4c0c3251f0) Importer(815301076,1909f56bfc062723c751e8b465ee728b)  -> (artifact id: '47ebafc1ea9c238867f586431ea4d03f') in 0.010666 seconds 
========================================================================
Received Import Request.
  Time since last request: 48.143698 seconds.
  path: Assets/Prefabs/Buildings/Apartment3.prefab
  artifactKey: Guid(4e1c434c2fd73474592a0f4c0c3251f0) Importer(815301076,1909f56bfc062723c751e8b465ee728b)
Start importing Assets/Prefabs/Buildings/Apartment3.prefab using Guid(4e1c434c2fd73474592a0f4c0c3251f0) Importer(815301076,1909f56bfc062723c751e8b465ee728b)  -> (artifact id: '2c579ae5ebd0205cbfdc975e57086472') in 0.015906 seconds 
========================================================================
Received Import Request.
  Time since last request: 5.653661 seconds.
  path: Assets/Prefabs/Buildings/House1.prefab
  artifactKey: Guid(66a676981bdaa354bbe868144cbd88ba) Importer(815301076,1909f56bfc062723c751e8b465ee728b)
Start importing Assets/Prefabs/Buildings/House1.prefab using Guid(66a676981bdaa354bbe868144cbd88ba) Importer(815301076,1909f56bfc062723c751e8b465ee728b)  -> (artifact id: '85da504bfdfb963dac2c19bca9506ef8') in 0.012504 seconds 
========================================================================
Received Import Request.
  Time since last request: 31.169966 seconds.
  path: Assets/Prefabs/Buildings/House1.prefab
  artifactKey: Guid(66a676981bdaa354bbe868144cbd88ba) Importer(815301076,1909f56bfc062723c751e8b465ee728b)
Start importing Assets/Prefabs/Buildings/House1.prefab using Guid(66a676981bdaa354bbe868144cbd88ba) Importer(815301076,1909f56bfc062723c751e8b465ee728b)  -> (artifact id: '1ec18b072c8093c2650cf78050f31067') in 0.018742 seconds 
========================================================================
Received Import Request.
  Time since last request: 17.921406 seconds.
  path: Assets/Prefabs/Buildings/House2.prefab
  artifactKey: Guid(1af9c86f4e5037b409a1994f88fca716) Importer(815301076,1909f56bfc062723c751e8b465ee728b)
Start importing Assets/Prefabs/Buildings/House2.prefab using Guid(1af9c86f4e5037b409a1994f88fca716) Importer(815301076,1909f56bfc062723c751e8b465ee728b)  -> (artifact id: '021f53ff5450ffd7a728f6502dc4d365') in 0.014163 seconds 
========================================================================
Received Import Request.
  Time since last request: 53.189573 seconds.
  path: Assets/Prefabs/Buildings/House2.prefab
  artifactKey: Guid(1af9c86f4e5037b409a1994f88fca716) Importer(815301076,1909f56bfc062723c751e8b465ee728b)
Start importing Assets/Prefabs/Buildings/House2.prefab using Guid(1af9c86f4e5037b409a1994f88fca716) Importer(815301076,1909f56bfc062723c751e8b465ee728b)  -> (artifact id: '84908f84fac19a30454d8e9e49eecec0') in 0.011973 seconds 
========================================================================
Received Import Request.
  Time since last request: 5.637770 seconds.
  path: Assets/Prefabs/Buildings/House3.prefab
  artifactKey: Guid(317805c7780eee54d8a0d75026433c33) Importer(815301076,1909f56bfc062723c751e8b465ee728b)
Start importing Assets/Prefabs/Buildings/House3.prefab using Guid(317805c7780eee54d8a0d75026433c33) Importer(815301076,1909f56bfc062723c751e8b465ee728b)  -> (artifact id: 'bc7cfe9537d93e17da6f2183a5f726d9') in 0.014593 seconds 
========================================================================
Received Import Request.
  Time since last request: 32.625629 seconds.
  path: Assets/Prefabs/Buildings/House3.prefab
  artifactKey: Guid(317805c7780eee54d8a0d75026433c33) Importer(815301076,1909f56bfc062723c751e8b465ee728b)
Start importing Assets/Prefabs/Buildings/House3.prefab using Guid(317805c7780eee54d8a0d75026433c33) Importer(815301076,1909f56bfc062723c751e8b465ee728b)  -> (artifact id: '00dd36f2a638b35adcc008a96f2aab7e') in 0.021597 seconds 
========================================================================
Received Import Request.
  Time since last request: 5.617311 seconds.
  path: Assets/Prefabs/Buildings/Police.prefab
  artifactKey: Guid(b73c6d571806fdf4b9fd486e0f65cd8f) Importer(815301076,1909f56bfc062723c751e8b465ee728b)
Start importing Assets/Prefabs/Buildings/Police.prefab using Guid(b73c6d571806fdf4b9fd486e0f65cd8f) Importer(815301076,1909f56bfc062723c751e8b465ee728b)  -> (artifact id: 'c016ec77a0f74f412cd1bd1d7308f5ef') in 0.015478 seconds 
========================================================================
Received Import Request.
  Time since last request: 38.837948 seconds.
  path: Assets/Prefabs/Buildings/Police.prefab
  artifactKey: Guid(b73c6d571806fdf4b9fd486e0f65cd8f) Importer(815301076,1909f56bfc062723c751e8b465ee728b)
Start importing Assets/Prefabs/Buildings/Police.prefab using Guid(b73c6d571806fdf4b9fd486e0f65cd8f) Importer(815301076,1909f56bfc062723c751e8b465ee728b)  -> (artifact id: '9a43ebd1be8c502d78b1c0428bd2efa2') in 0.027759 seconds 
========================================================================
Received Import Request.
  Time since last request: 4.796133 seconds.
  path: Assets/Prefabs/Buildings/School1.prefab
  artifactKey: Guid(e52bbaab6c1309640aeb8d7805101a91) Importer(815301076,1909f56bfc062723c751e8b465ee728b)
Start importing Assets/Prefabs/Buildings/School1.prefab using Guid(e52bbaab6c1309640aeb8d7805101a91) Importer(815301076,1909f56bfc062723c751e8b465ee728b)  -> (artifact id: 'ab4361764dd15a38ff8f2759f625a835') in 0.014026 seconds 
========================================================================
Received Import Request.
  Time since last request: 26.763594 seconds.
  path: Assets/Prefabs/Buildings/School1.prefab
  artifactKey: Guid(e52bbaab6c1309640aeb8d7805101a91) Importer(815301076,1909f56bfc062723c751e8b465ee728b)
Start importing Assets/Prefabs/Buildings/School1.prefab using Guid(e52bbaab6c1309640aeb8d7805101a91) Importer(815301076,1909f56bfc062723c751e8b465ee728b)  -> (artifact id: 'df0382cd66ee8100e1f38bae2987f4b0') in 0.017127 seconds 
========================================================================
Received Import Request.
  Time since last request: 5.009658 seconds.
  path: Assets/Prefabs/Buildings/School2.prefab
  artifactKey: Guid(d0a55232f1b18f7458eb55dbf631d8bd) Importer(815301076,1909f56bfc062723c751e8b465ee728b)
Start importing Assets/Prefabs/Buildings/School2.prefab using Guid(d0a55232f1b18f7458eb55dbf631d8bd) Importer(815301076,1909f56bfc062723c751e8b465ee728b)  -> (artifact id: '29c729348354124c49210fd79749e9f0') in 0.017919 seconds 
========================================================================
Received Import Request.
  Time since last request: 16.569606 seconds.
  path: Assets/Prefabs/Buildings/School2.prefab
  artifactKey: Guid(d0a55232f1b18f7458eb55dbf631d8bd) Importer(815301076,1909f56bfc062723c751e8b465ee728b)
Start importing Assets/Prefabs/Buildings/School2.prefab using Guid(d0a55232f1b18f7458eb55dbf631d8bd) Importer(815301076,1909f56bfc062723c751e8b465ee728b)  -> (artifact id: '20873990067cfc057adcc8d8b7c9aaf6') in 0.018822 seconds 
========================================================================
Received Import Request.
  Time since last request: 3.170399 seconds.
  path: Assets/Prefabs/Buildings/School2.prefab
  artifactKey: Guid(d0a55232f1b18f7458eb55dbf631d8bd) Importer(815301076,1909f56bfc062723c751e8b465ee728b)
Start importing Assets/Prefabs/Buildings/School2.prefab using Guid(d0a55232f1b18f7458eb55dbf631d8bd) Importer(815301076,1909f56bfc062723c751e8b465ee728b)  -> (artifact id: '130092f0cfa410d214f4f4d9bcc26ae4') in 0.012289 seconds 
========================================================================
Received Import Request.
  Time since last request: 0.383258 seconds.
  path: Assets/Prefabs/Buildings/School2.prefab
  artifactKey: Guid(d0a55232f1b18f7458eb55dbf631d8bd) Importer(815301076,1909f56bfc062723c751e8b465ee728b)
Start importing Assets/Prefabs/Buildings/School2.prefab using Guid(d0a55232f1b18f7458eb55dbf631d8bd) Importer(815301076,1909f56bfc062723c751e8b465ee728b)  -> (artifact id: 'a5f1e4c8e9003bdafca94e77425078e9') in 0.018664 seconds 
========================================================================
Received Import Request.
  Time since last request: 2.591476 seconds.
  path: Assets/Prefabs/Buildings/School2.prefab
  artifactKey: Guid(d0a55232f1b18f7458eb55dbf631d8bd) Importer(815301076,1909f56bfc062723c751e8b465ee728b)
Start importing Assets/Prefabs/Buildings/School2.prefab using Guid(d0a55232f1b18f7458eb55dbf631d8bd) Importer(815301076,1909f56bfc062723c751e8b465ee728b)  -> (artifact id: '3819b2d4c9361475e15942b054231bb6') in 0.011338 seconds 
========================================================================
Received Import Request.
  Time since last request: 2.603749 seconds.
  path: Assets/Prefabs/Buildings/School2.prefab
  artifactKey: Guid(d0a55232f1b18f7458eb55dbf631d8bd) Importer(815301076,1909f56bfc062723c751e8b465ee728b)
Start importing Assets/Prefabs/Buildings/School2.prefab using Guid(d0a55232f1b18f7458eb55dbf631d8bd) Importer(815301076,1909f56bfc062723c751e8b465ee728b)  -> (artifact id: 'c81e6f43f518862a3f04719dd11d18f5') in 0.010948 seconds 
========================================================================
Received Import Request.
  Time since last request: 27.878616 seconds.
  path: Assets/Prefabs/Buildings/School2.prefab
  artifactKey: Guid(d0a55232f1b18f7458eb55dbf631d8bd) Importer(815301076,1909f56bfc062723c751e8b465ee728b)
Start importing Assets/Prefabs/Buildings/School2.prefab using Guid(d0a55232f1b18f7458eb55dbf631d8bd) Importer(815301076,1909f56bfc062723c751e8b465ee728b)  -> (artifact id: 'a22996af3664bf11efa936ba521dbe54') in 0.015841 seconds 
========================================================================
Received Import Request.
  Time since last request: 12.489804 seconds.
  path: Assets/Prefabs/Buildings/Shop.prefab
  artifactKey: Guid(d90ea3bd92bad0c48a8332ba7f697aa7) Importer(815301076,1909f56bfc062723c751e8b465ee728b)
Start importing Assets/Prefabs/Buildings/Shop.prefab using Guid(d90ea3bd92bad0c48a8332ba7f697aa7) Importer(815301076,1909f56bfc062723c751e8b465ee728b)  -> (artifact id: '0bee5593b1023b3e1fb303ba2055646b') in 0.016871 seconds 
========================================================================
Received Import Request.
  Time since last request: 81.612893 seconds.
  path: Assets/Prefabs/Buildings/Warehouse.prefab
  artifactKey: Guid(2493337f15058824999965e5ad28fde0) Importer(815301076,1909f56bfc062723c751e8b465ee728b)
Start importing Assets/Prefabs/Buildings/Warehouse.prefab using Guid(2493337f15058824999965e5ad28fde0) Importer(815301076,1909f56bfc062723c751e8b465ee728b)  -> (artifact id: 'adfae8cf0a1006d3d889465085dae4a8') in 0.012877 seconds 
========================================================================
Received Import Request.
  Time since last request: 5.746282 seconds.
  path: Assets/Prefabs/Buildings/Warehouse.prefab
  artifactKey: Guid(2493337f15058824999965e5ad28fde0) Importer(815301076,1909f56bfc062723c751e8b465ee728b)
Start importing Assets/Prefabs/Buildings/Warehouse.prefab using Guid(2493337f15058824999965e5ad28fde0) Importer(815301076,1909f56bfc062723c751e8b465ee728b)  -> (artifact id: '38bb2c9dcb2577b9ef4f653800657b0d') in 0.017136 seconds 
========================================================================
Received Import Request.
  Time since last request: 7.208669 seconds.
  path: Assets/Prefabs/Buildings/Warehouse.prefab
  artifactKey: Guid(2493337f15058824999965e5ad28fde0) Importer(815301076,1909f56bfc062723c751e8b465ee728b)
Start importing Assets/Prefabs/Buildings/Warehouse.prefab using Guid(2493337f15058824999965e5ad28fde0) Importer(815301076,1909f56bfc062723c751e8b465ee728b)  -> (artifact id: '5107cea488ac5e789cd3db6f5cb71143') in 0.018349 seconds 
========================================================================
Received Import Request.
  Time since last request: 1.388754 seconds.
  path: Assets/Prefabs/Buildings/Warehouse.prefab
  artifactKey: Guid(2493337f15058824999965e5ad28fde0) Importer(815301076,1909f56bfc062723c751e8b465ee728b)
Start importing Assets/Prefabs/Buildings/Warehouse.prefab using Guid(2493337f15058824999965e5ad28fde0) Importer(815301076,1909f56bfc062723c751e8b465ee728b)  -> (artifact id: '5a462ff2231b4115e4641856925c20c2') in 0.018104 seconds 
========================================================================
Received Import Request.
  Time since last request: 5.066585 seconds.
  path: Assets/Prefabs/Buildings/Warehouse.prefab
  artifactKey: Guid(2493337f15058824999965e5ad28fde0) Importer(815301076,1909f56bfc062723c751e8b465ee728b)
Start importing Assets/Prefabs/Buildings/Warehouse.prefab using Guid(2493337f15058824999965e5ad28fde0) Importer(815301076,1909f56bfc062723c751e8b465ee728b)  -> (artifact id: 'de6df9bf0428443aeab605c7e0f16317') in 0.017342 seconds 
========================================================================
Received Import Request.
  Time since last request: 2.392269 seconds.
  path: Assets/Prefabs/Buildings/Warehouse.prefab
  artifactKey: Guid(2493337f15058824999965e5ad28fde0) Importer(815301076,1909f56bfc062723c751e8b465ee728b)
Start importing Assets/Prefabs/Buildings/Warehouse.prefab using Guid(2493337f15058824999965e5ad28fde0) Importer(815301076,1909f56bfc062723c751e8b465ee728b)  -> (artifact id: '21a2ba62dc4709d5f8323b9cc0285885') in 0.010845 seconds 
========================================================================
Received Import Request.
  Time since last request: 4.019091 seconds.
  path: Assets/Prefabs/Buildings/Warehouse.prefab
  artifactKey: Guid(2493337f15058824999965e5ad28fde0) Importer(815301076,1909f56bfc062723c751e8b465ee728b)
Start importing Assets/Prefabs/Buildings/Warehouse.prefab using Guid(2493337f15058824999965e5ad28fde0) Importer(815301076,1909f56bfc062723c751e8b465ee728b)  -> (artifact id: '476d90b2394bc1af180be9590c04e267') in 0.018594 seconds 
========================================================================
Received Import Request.
  Time since last request: 6.047329 seconds.
  path: Assets/Prefabs/Buildings/Warehouse.prefab
  artifactKey: Guid(2493337f15058824999965e5ad28fde0) Importer(815301076,1909f56bfc062723c751e8b465ee728b)
Start importing Assets/Prefabs/Buildings/Warehouse.prefab using Guid(2493337f15058824999965e5ad28fde0) Importer(815301076,1909f56bfc062723c751e8b465ee728b)  -> (artifact id: '6e5c5e3465fdc82675bcf73d8e0b72a5') in 0.010791 seconds 
========================================================================
Received Import Request.
  Time since last request: 7.253858 seconds.
  path: Assets/Prefabs/Buildings/Warehouse.prefab
  artifactKey: Guid(2493337f15058824999965e5ad28fde0) Importer(815301076,1909f56bfc062723c751e8b465ee728b)
Start importing Assets/Prefabs/Buildings/Warehouse.prefab using Guid(2493337f15058824999965e5ad28fde0) Importer(815301076,1909f56bfc062723c751e8b465ee728b)  -> (artifact id: '160df467b1635d5b05fc3f78f3ba4744') in 0.014029 seconds 
========================================================================
Received Import Request.
  Time since last request: 5.288216 seconds.
  path: Assets/Prefabs/Buildings/Warehouse.prefab
  artifactKey: Guid(2493337f15058824999965e5ad28fde0) Importer(815301076,1909f56bfc062723c751e8b465ee728b)
Start importing Assets/Prefabs/Buildings/Warehouse.prefab using Guid(2493337f15058824999965e5ad28fde0) Importer(815301076,1909f56bfc062723c751e8b465ee728b)  -> (artifact id: '6dbfd55fa9d9fad04912dbdc1ad9710a') in 0.021841 seconds 
========================================================================
Received Import Request.
  Time since last request: 4.197187 seconds.
  path: Assets/Prefabs/Buildings/Warehouse.prefab
  artifactKey: Guid(2493337f15058824999965e5ad28fde0) Importer(815301076,1909f56bfc062723c751e8b465ee728b)
Start importing Assets/Prefabs/Buildings/Warehouse.prefab using Guid(2493337f15058824999965e5ad28fde0) Importer(815301076,1909f56bfc062723c751e8b465ee728b)  -> (artifact id: '65226022a7c049f8cb3949ecb646a541') in 0.009620 seconds 
========================================================================
Received Import Request.
  Time since last request: 4.243489 seconds.
  path: Assets/Prefabs/Buildings/Shop.prefab
  artifactKey: Guid(d90ea3bd92bad0c48a8332ba7f697aa7) Importer(815301076,1909f56bfc062723c751e8b465ee728b)
Start importing Assets/Prefabs/Buildings/Shop.prefab using Guid(d90ea3bd92bad0c48a8332ba7f697aa7) Importer(815301076,1909f56bfc062723c751e8b465ee728b)  -> (artifact id: '545c1c048b43ba560ae8541a9ebec1e2') in 0.020355 seconds 
========================================================================
Received Import Request.
  Time since last request: 43.132442 seconds.
  path: Assets/Prefabs/Buildings/Warehouse.prefab
  artifactKey: Guid(2493337f15058824999965e5ad28fde0) Importer(815301076,1909f56bfc062723c751e8b465ee728b)
Start importing Assets/Prefabs/Buildings/Warehouse.prefab using Guid(2493337f15058824999965e5ad28fde0) Importer(815301076,1909f56bfc062723c751e8b465ee728b)  -> (artifact id: '8cf30571554dbaf0bebe6cc75e64027f') in 0.017813 seconds 
========================================================================
Received Prepare
Registering precompiled user dll's ...
Registered in 0.003859 seconds.
Begin MonoManager ReloadAssembly
Symbol file LoadedFromMemory doesn't match image C:\Users\rober\Documents\GitHub\BCS427-Capstone-\Library\PackageCache\com.unity.visualscripting@1.7.8\Editor\VisualScripting.Core\Dependencies\YamlDotNet\Unity.VisualScripting.YamlDotNet.dll
Symbol file LoadedFromMemory doesn't match image C:\Users\rober\Documents\GitHub\BCS427-Capstone-\Library\PackageCache\com.unity.visualscripting@1.7.8\Editor\VisualScripting.Core\Dependencies\DotNetZip\Unity.VisualScripting.IonicZip.dll
Native extension for WindowsStandalone target not found
Native extension for WebGL target not found
Refreshing native plugins compatible for Editor in 1.04 ms, found 3 plugins.
Preloading 0 native plugins for Editor in 0.00 ms.
System.Exception: Error! Visual Scripting: couldn't find visual scripting package
  at Unity.VisualScripting.PackageVersionUtility.get_version () [0x00043] in C:\Users\rober\Documents\GitHub\BCS427-Capstone-\Library\PackageCache\com.unity.visualscripting@1.7.8\Editor\VisualScripting.Core\Utilities\PackageVersionUtility.cs:31 
  at Unity.VisualScripting.BoltCoreManifest.get_version () [0x00000] in C:\Users\rober\Documents\GitHub\BCS427-Capstone-\Library\PackageCache\com.unity.visualscripting@1.7.8\Editor\VisualScripting.Core\Plugin\BoltCoreManifest.cs:11 
  at Unity.VisualScripting.PluginManifest.get_currentVersion () [0x00000] in C:\Users\rober\Documents\GitHub\BCS427-Capstone-\Library\PackageCache\com.unity.visualscripting@1.7.8\Editor\VisualScripting.Core\Plugins\PluginManifest.cs:33 
  at Unity.VisualScripting.PluginManifest.get_versionMismatch () [0x00000] in C:\Users\rober\Documents\GitHub\BCS427-Capstone-\Library\PackageCache\com.unity.visualscripting@1.7.8\Editor\VisualScripting.Core\Plugins\PluginManifest.cs:48 
  at Unity.VisualScripting.PluginContainer.Initialize () [0x00525] in C:\Users\rober\Documents\GitHub\BCS427-Capstone-\Library\PackageCache\com.unity.visualscripting@1.7.8\Editor\VisualScripting.Core\Plugins\PluginContainer.cs:208 
  at Unity.VisualScripting.PluginContainer.InitializeOnLoad () [0x00009] in C:\Users\rober\Documents\GitHub\BCS427-Capstone-\Library\PackageCache\com.unity.visualscripting@1.7.8\Editor\VisualScripting.Core\Plugins\PluginContainer.cs:32 
  at Unity.VisualScripting.VSUsageUtility.DoInitializeOnLoadCalls () [0x00034] in C:\Users\rober\Documents\GitHub\BCS427-Capstone-\Library\PackageCache\com.unity.visualscripting@1.7.8\Editor\VisualScripting.Core\Utilities\VSUsageUtility.cs:76 
  at Unity.VisualScripting.VSUsageUtility.set_isVisualScriptingUsed (System.Boolean value) [0x0002c] in C:\Users\rober\Documents\GitHub\BCS427-Capstone-\Library\PackageCache\com.unity.visualscripting@1.7.8\Editor\VisualScripting.Core\Utilities\VSUsageUtility.cs:114 
  at Unity.VisualScripting.VSUsageUtility.CheckAndSetIsVisualScriptingUsed () [0x0000d] in C:\Users\rober\Documents\GitHub\BCS427-Capstone-\Library\PackageCache\com.unity.visualscripting@1.7.8\Editor\VisualScripting.Core\Utilities\VSUsageUtility.cs:33 
  at Unity.VisualScripting.VSUsageUtility..cctor () [0x00000] in C:\Users\rober\Documents\GitHub\BCS427-Capstone-\Library\PackageCache\com.unity.visualscripting@1.7.8\Editor\VisualScripting.Core\Utilities\VSUsageUtility.cs:22 
UnityEngine.StackTraceUtility:ExtractStackTrace ()
UnityEngine.DebugLogHandler:LogFormat (UnityEngine.LogType,UnityEngine.Object,string,object[])
UnityEngine.Logger:Log (UnityEngine.LogType,object)
UnityEngine.Debug:LogError (object)
UnityEditor.EditorAssemblies:ProcessInitializeOnLoadAttributes (System.Type[])

Mono: successfully reloaded assembly
- Completed reload, in  1.184 seconds
Domain Reload Profiling:
	ReloadAssembly (1184ms)
		BeginReloadAssembly (130ms)
			ExecutionOrderSort (0ms)
			DisableScriptedObjects (4ms)
			BackupInstance (0ms)
			ReleaseScriptingObjects (0ms)
			CreateAndSetChildDomain (41ms)
		EndReloadAssembly (982ms)
			LoadAssemblies (65ms)
			RebuildTransferFunctionScriptingTraits (0ms)
			SetupTypeCache (212ms)
			ReleaseScriptCaches (2ms)
			RebuildScriptCaches (35ms)
			SetupLoadedEditorAssemblies (482ms)
				LogAssemblyErrors (0ms)
				InitializePlatformSupportModulesInManaged (12ms)
				SetLoadedEditorAssemblies (0ms)
				RefreshPlugins (1ms)
				BeforeProcessingInitializeOnLoad (50ms)
				ProcessInitializeOnLoadAttributes (391ms)
				ProcessInitializeOnLoadMethodAttributes (22ms)
				AfterProcessingInitializeOnLoad (4ms)
				EditorAssembliesLoaded (0ms)
			ExecutionOrderSort2 (0ms)
			AwakeInstancesAfterBackupRestoration (7ms)
Platform modules already initialized, skipping
Refreshing native plugins compatible for Editor in 1.64 ms, found 3 plugins.
Preloading 0 native plugins for Editor in 0.00 ms.
Unloading 3746 Unused Serialized files (Serialized files now loaded: 0)
Unloading 19 unused Assets / (24.6 KB). Loaded Objects now: 4243.
Memory consumption went from 137.6 MB to 137.6 MB.
Total: 10.002400 ms (FindLiveObjects: 0.353600 ms CreateObjectMapping: 0.170200 ms MarkObjects: 9.446300 ms  DeleteObjects: 0.031300 ms)

AssetImportParameters requested are different than current active one (requested -> active):
  custom:video-decoder-ogg-theora: a1e56fd34408186e4bbccfd4996cb3dc -> 
  custom:container-muxer-webm: aa71ff27fc2769a1b78a27578f13a17b -> 
  custom:container-demuxer-webm: 4f35f7cbe854078d1ac9338744f61a02 -> 
  custom:video-encoder-webm-vp8: eb34c28f22e8b96e1ab97ce403110664 -> 
  custom:audio-encoder-webm-vorbis: bf7c407c2cedff20999df2af8eb42d56 -> 
  custom:framework-win-MediaFoundation: 216162199b28c13a410421893ffa2e32 -> 
  custom:container-demuxer-ogg: 62fdf1f143b41e24485cea50d1cbac27 -> 
  custom:video-decoder-webm-vp8: 9c59270c3fd7afecdb556c50c9e8de78 -> 
  custom:audio-decoder-ogg-vorbis: bf7c407c2cedff20999df2af8eb42d56 -> 
========================================================================
Received Import Request.
  Time since last request: 270.092309 seconds.
  path: Assets
  artifactKey: Guid(00000000000000001000000000000000) Importer(815301076,1909f56bfc062723c751e8b465ee728b)
Start importing Assets using Guid(00000000000000001000000000000000) Importer(815301076,1909f56bfc062723c751e8b465ee728b)  -> (artifact id: '79842766b460edbeab6a34051e857a80') in 0.012502 seconds 
========================================================================
Received Import Request.
  Time since last request: 23.014377 seconds.
  path: Assets/Textures/TileIcons
  artifactKey: Guid(1a3ddf56932e78a418ddfcbb277db125) Importer(815301076,1909f56bfc062723c751e8b465ee728b)
Start importing Assets/Textures/TileIcons using Guid(1a3ddf56932e78a418ddfcbb277db125) Importer(815301076,1909f56bfc062723c751e8b465ee728b)  -> (artifact id: 'c290642201db2e548564e0bbfecec1f3') in 0.005666 seconds 
========================================================================
Received Import Request.
  Time since last request: 20.841830 seconds.
  path: Assets/Textures/TileIcons/Apartment1.png
  artifactKey: Guid(08611bd99d6c4ca40941a682daeadbc2) Importer(815301076,1909f56bfc062723c751e8b465ee728b)
Start importing Assets/Textures/TileIcons/Apartment1.png using Guid(08611bd99d6c4ca40941a682daeadbc2) Importer(815301076,1909f56bfc062723c751e8b465ee728b)  -> (artifact id: '0183580fa354d951066f530192a899c7') in 0.084396 seconds 
========================================================================
Received Import Request.
  Time since last request: 0.000024 seconds.
  path: Assets/Textures/TileIcons/House3.png
  artifactKey: Guid(0279b3f2bf0878c47b32e21ca200e19d) Importer(815301076,1909f56bfc062723c751e8b465ee728b)
Start importing Assets/Textures/TileIcons/House3.png using Guid(0279b3f2bf0878c47b32e21ca200e19d) Importer(815301076,1909f56bfc062723c751e8b465ee728b)  -> (artifact id: 'dd879c141b8213e9575c59363f3eeac8') in 0.011609 seconds 
========================================================================
Received Import Request.
  Time since last request: 0.000019 seconds.
  path: Assets/Textures/TileIcons/Apartment3.png
  artifactKey: Guid(eb0165f8b54084b409a935c48484a3f8) Importer(815301076,1909f56bfc062723c751e8b465ee728b)
Start importing Assets/Textures/TileIcons/Apartment3.png using Guid(eb0165f8b54084b409a935c48484a3f8) Importer(815301076,1909f56bfc062723c751e8b465ee728b)  -> (artifact id: 'e18b8ce581816551489e11b244cad736') in 0.010324 seconds 
========================================================================
Received Import Request.
  Time since last request: 0.000026 seconds.
  path: Assets/Textures/TileIcons/Shop.png
  artifactKey: Guid(8786eaa4177f0694da482d2e793d9c9b) Importer(815301076,1909f56bfc062723c751e8b465ee728b)
Start importing Assets/Textures/TileIcons/Shop.png using Guid(8786eaa4177f0694da482d2e793d9c9b) Importer(815301076,1909f56bfc062723c751e8b465ee728b)  -> (artifact id: 'e42264979b237ced3a81b7c45fd63a2d') in 0.014017 seconds 
========================================================================
Received Import Request.
  Time since last request: 0.000025 seconds.
  path: Assets/Textures/TileIcons/House2.png
  artifactKey: Guid(d0ab89403ff3b08469d49278da3d6403) Importer(815301076,1909f56bfc062723c751e8b465ee728b)
Start importing Assets/Textures/TileIcons/House2.png using Guid(d0ab89403ff3b08469d49278da3d6403) Importer(815301076,1909f56bfc062723c751e8b465ee728b)  -> (artifact id: 'dfcd4dd423ada169e8194f8273ff6663') in 0.012236 seconds 
========================================================================
Received Import Request.
  Time since last request: 0.000048 seconds.
  path: Assets/Textures/TileIcons/Warehouse.png
  artifactKey: Guid(4b8ab0f00ce21c244849f6bd86faff7d) Importer(815301076,1909f56bfc062723c751e8b465ee728b)
Start importing Assets/Textures/TileIcons/Warehouse.png using Guid(4b8ab0f00ce21c244849f6bd86faff7d) Importer(815301076,1909f56bfc062723c751e8b465ee728b)  -> (artifact id: '9331a851378ca2adf811e7b634b338da') in 0.010392 seconds 
========================================================================
Received Prepare
Registering precompiled user dll's ...
Registered in 0.005348 seconds.
Begin MonoManager ReloadAssembly
Symbol file LoadedFromMemory doesn't match image C:\Users\rober\Documents\GitHub\BCS427-Capstone-\Library\PackageCache\com.unity.visualscripting@1.7.8\Editor\VisualScripting.Core\Dependencies\YamlDotNet\Unity.VisualScripting.YamlDotNet.dll
Symbol file LoadedFromMemory doesn't match image C:\Users\rober\Documents\GitHub\BCS427-Capstone-\Library\PackageCache\com.unity.visualscripting@1.7.8\Editor\VisualScripting.Core\Dependencies\DotNetZip\Unity.VisualScripting.IonicZip.dll
Native extension for WindowsStandalone target not found
Native extension for WebGL target not found
Refreshing native plugins compatible for Editor in 0.68 ms, found 3 plugins.
Preloading 0 native plugins for Editor in 0.00 ms.
System.Exception: Error! Visual Scripting: couldn't find visual scripting package
  at Unity.VisualScripting.PackageVersionUtility.get_version () [0x00043] in C:\Users\rober\Documents\GitHub\BCS427-Capstone-\Library\PackageCache\com.unity.visualscripting@1.7.8\Editor\VisualScripting.Core\Utilities\PackageVersionUtility.cs:31 
  at Unity.VisualScripting.BoltCoreManifest.get_version () [0x00000] in C:\Users\rober\Documents\GitHub\BCS427-Capstone-\Library\PackageCache\com.unity.visualscripting@1.7.8\Editor\VisualScripting.Core\Plugin\BoltCoreManifest.cs:11 
  at Unity.VisualScripting.PluginManifest.get_currentVersion () [0x00000] in C:\Users\rober\Documents\GitHub\BCS427-Capstone-\Library\PackageCache\com.unity.visualscripting@1.7.8\Editor\VisualScripting.Core\Plugins\PluginManifest.cs:33 
  at Unity.VisualScripting.PluginManifest.get_versionMismatch () [0x00000] in C:\Users\rober\Documents\GitHub\BCS427-Capstone-\Library\PackageCache\com.unity.visualscripting@1.7.8\Editor\VisualScripting.Core\Plugins\PluginManifest.cs:48 
  at Unity.VisualScripting.PluginContainer.Initialize () [0x00525] in C:\Users\rober\Documents\GitHub\BCS427-Capstone-\Library\PackageCache\com.unity.visualscripting@1.7.8\Editor\VisualScripting.Core\Plugins\PluginContainer.cs:208 
  at Unity.VisualScripting.PluginContainer.InitializeOnLoad () [0x00009] in C:\Users\rober\Documents\GitHub\BCS427-Capstone-\Library\PackageCache\com.unity.visualscripting@1.7.8\Editor\VisualScripting.Core\Plugins\PluginContainer.cs:32 
  at Unity.VisualScripting.VSUsageUtility.DoInitializeOnLoadCalls () [0x00034] in C:\Users\rober\Documents\GitHub\BCS427-Capstone-\Library\PackageCache\com.unity.visualscripting@1.7.8\Editor\VisualScripting.Core\Utilities\VSUsageUtility.cs:76 
  at Unity.VisualScripting.VSUsageUtility.set_isVisualScriptingUsed (System.Boolean value) [0x0002c] in C:\Users\rober\Documents\GitHub\BCS427-Capstone-\Library\PackageCache\com.unity.visualscripting@1.7.8\Editor\VisualScripting.Core\Utilities\VSUsageUtility.cs:114 
  at Unity.VisualScripting.VSUsageUtility.CheckAndSetIsVisualScriptingUsed () [0x0000d] in C:\Users\rober\Documents\GitHub\BCS427-Capstone-\Library\PackageCache\com.unity.visualscripting@1.7.8\Editor\VisualScripting.Core\Utilities\VSUsageUtility.cs:33 
  at Unity.VisualScripting.VSUsageUtility..cctor () [0x00000] in C:\Users\rober\Documents\GitHub\BCS427-Capstone-\Library\PackageCache\com.unity.visualscripting@1.7.8\Editor\VisualScripting.Core\Utilities\VSUsageUtility.cs:22 
UnityEngine.StackTraceUtility:ExtractStackTrace ()
UnityEngine.DebugLogHandler:LogFormat (UnityEngine.LogType,UnityEngine.Object,string,object[])
UnityEngine.Logger:Log (UnityEngine.LogType,object)
UnityEngine.Debug:LogError (object)
UnityEditor.EditorAssemblies:ProcessInitializeOnLoadAttributes (System.Type[])

Mono: successfully reloaded assembly
- Completed reload, in  1.484 seconds
Domain Reload Profiling:
	ReloadAssembly (1485ms)
		BeginReloadAssembly (153ms)
			ExecutionOrderSort (0ms)
			DisableScriptedObjects (4ms)
			BackupInstance (0ms)
			ReleaseScriptingObjects (0ms)
			CreateAndSetChildDomain (52ms)
		EndReloadAssembly (1223ms)
			LoadAssemblies (81ms)
			RebuildTransferFunctionScriptingTraits (0ms)
			SetupTypeCache (312ms)
			ReleaseScriptCaches (2ms)
			RebuildScriptCaches (46ms)
			SetupLoadedEditorAssemblies (532ms)
				LogAssemblyErrors (0ms)
				InitializePlatformSupportModulesInManaged (13ms)
				SetLoadedEditorAssemblies (0ms)
				RefreshPlugins (1ms)
				BeforeProcessingInitializeOnLoad (67ms)
				ProcessInitializeOnLoadAttributes (412ms)
				ProcessInitializeOnLoadMethodAttributes (33ms)
				AfterProcessingInitializeOnLoad (6ms)
				EditorAssembliesLoaded (0ms)
			ExecutionOrderSort2 (0ms)
			AwakeInstancesAfterBackupRestoration (7ms)
Platform modules already initialized, skipping
Refreshing native plugins compatible for Editor in 2.96 ms, found 3 plugins.
Preloading 0 native plugins for Editor in 0.00 ms.
Unloading 3747 Unused Serialized files (Serialized files now loaded: 0)
Unloading 19 unused Assets / (24.7 KB). Loaded Objects now: 4249.
Memory consumption went from 137.7 MB to 137.7 MB.
Total: 22.765800 ms (FindLiveObjects: 1.343200 ms CreateObjectMapping: 1.505600 ms MarkObjects: 19.873600 ms  DeleteObjects: 0.042000 ms)

AssetImportParameters requested are different than current active one (requested -> active):
  custom:video-decoder-ogg-theora: a1e56fd34408186e4bbccfd4996cb3dc -> 
  custom:container-muxer-webm: aa71ff27fc2769a1b78a27578f13a17b -> 
  custom:container-demuxer-webm: 4f35f7cbe854078d1ac9338744f61a02 -> 
  custom:video-encoder-webm-vp8: eb34c28f22e8b96e1ab97ce403110664 -> 
  custom:audio-encoder-webm-vorbis: bf7c407c2cedff20999df2af8eb42d56 -> 
  custom:framework-win-MediaFoundation: 216162199b28c13a410421893ffa2e32 -> 
  custom:container-demuxer-ogg: 62fdf1f143b41e24485cea50d1cbac27 -> 
  custom:video-decoder-webm-vp8: 9c59270c3fd7afecdb556c50c9e8de78 -> 
  custom:audio-decoder-ogg-vorbis: bf7c407c2cedff20999df2af8eb42d56 -> 
Editor requested this worker to shutdown with reason: Scaling down because of idle timeout
AssetImportWorker is now disconnected from the server
Process exiting
Exiting without the bug reporter. Application will terminate with return code 0